{"/home/udimkpa/Documents/final-project-app-dev/server/config/dbConnections.js": {"path":"/home/udimkpa/Documents/final-project-app-dev/server/config/dbConnections.js","statementMap":{"0":{"start":{"line":1,"column":17},"end":{"line":1,"column":36}},"1":{"start":{"line":2,"column":0},"end":{"line":2,"column":80}},"2":{"start":{"line":6,"column":10},"end":{"line":6,"column":41}},"3":{"start":{"line":8,"column":21},"end":{"line":30,"column":1}},"4":{"start":{"line":10,"column":2},"end":{"line":29,"column":3}},"5":{"start":{"line":11,"column":17},"end":{"line":17,"column":6}},"6":{"start":{"line":18,"column":20},"end":{"line":24,"column":6}},"7":{"start":{"line":26,"column":4},"end":{"line":26,"column":28}},"8":{"start":{"line":33,"column":0},"end":{"line":33,"column":34}}},"fnMap":{"0":{"name":"(anonymous_0)","decl":{"start":{"line":8,"column":21},"end":{"line":8,"column":22}},"loc":{"start":{"line":8,"column":27},"end":{"line":30,"column":1}},"line":8}},"branchMap":{},"s":{"0":1,"1":1,"2":1,"3":1,"4":2,"5":2,"6":2,"7":2,"8":1},"f":{"0":2},"b":{},"_coverageSchema":"1a1c01bbd47fc00a2c39e90264f33305004495a9","hash":"2ab89cc1dafdd1a92b2bf1115769b3b672c5c9e9"}
,"/home/udimkpa/Documents/final-project-app-dev/server/models/guest_schema.js": {"path":"/home/udimkpa/Documents/final-project-app-dev/server/models/guest_schema.js","statementMap":{"0":{"start":{"line":1,"column":17},"end":{"line":1,"column":36}},"1":{"start":{"line":2,"column":25},"end":{"line":2,"column":59}},"2":{"start":{"line":5,"column":20},"end":{"line":22,"column":27}},"3":{"start":{"line":25,"column":20},"end":{"line":25,"column":34}},"4":{"start":{"line":28,"column":0},"end":{"line":30,"column":2}}},"fnMap":{},"branchMap":{},"s":{"0":1,"1":1,"2":1,"3":1,"4":1},"f":{},"b":{},"_coverageSchema":"1a1c01bbd47fc00a2c39e90264f33305004495a9","hash":"40a3f395a09362140291648a308bca1c93354c4e"}
,"/home/udimkpa/Documents/final-project-app-dev/server/models/pb_schema.js": {"path":"/home/udimkpa/Documents/final-project-app-dev/server/models/pb_schema.js","statementMap":{"0":{"start":{"line":1,"column":17},"end":{"line":1,"column":36}},"1":{"start":{"line":2,"column":25},"end":{"line":2,"column":59}},"2":{"start":{"line":5,"column":21},"end":{"line":26,"column":25}},"3":{"start":{"line":29,"column":23},"end":{"line":53,"column":27}},"4":{"start":{"line":56,"column":0},"end":{"line":56,"column":65}},"5":{"start":{"line":59,"column":17},"end":{"line":59,"column":31}},"6":{"start":{"line":62,"column":0},"end":{"line":65,"column":2}}},"fnMap":{},"branchMap":{},"s":{"0":1,"1":1,"2":1,"3":1,"4":1,"5":1,"6":1},"f":{},"b":{},"_coverageSchema":"1a1c01bbd47fc00a2c39e90264f33305004495a9","hash":"9727ca9bd1e82e78511dd6ff3a6e4953e201ef69"}
}
